2017-09-05 2:09:58 - PHP Notice:  Undefined index: thumb_hover in C:\OPENSERVER\OpenServer\domains\fidelliti.loc\catalog\view\theme\cosyone\template\module\cosyone_recently.tpl on line 11
2017-09-05 2:09:58 - PHP Notice:  Undefined index: description in C:\OPENSERVER\OpenServer\domains\fidelliti.loc\catalog\view\theme\cosyone\template\module\cosyone_recently.tpl on line 34
2017-09-05 2:09:58 - PHP Notice:  Undefined index: thumb_hover in C:\OPENSERVER\OpenServer\domains\fidelliti.loc\catalog\view\theme\cosyone\template\module\cosyone_recently.tpl on line 11
2017-09-05 2:09:58 - PHP Notice:  Undefined index: description in C:\OPENSERVER\OpenServer\domains\fidelliti.loc\catalog\view\theme\cosyone\template\module\cosyone_recently.tpl on line 34
2017-09-05 2:09:58 - PHP Notice:  Undefined index: thumb_hover in C:\OPENSERVER\OpenServer\domains\fidelliti.loc\catalog\view\theme\cosyone\template\module\cosyone_recently.tpl on line 11
2017-09-05 2:09:58 - PHP Notice:  Undefined index: description in C:\OPENSERVER\OpenServer\domains\fidelliti.loc\catalog\view\theme\cosyone\template\module\cosyone_recently.tpl on line 34
2017-09-05 2:26:12 - PHP Notice:  Undefined index: thumb_hover in C:\OPENSERVER\OpenServer\domains\fidelliti.loc\catalog\view\theme\cosyone\template\module\cosyone_recently.tpl on line 11
2017-09-05 2:26:12 - PHP Notice:  Undefined index: description in C:\OPENSERVER\OpenServer\domains\fidelliti.loc\catalog\view\theme\cosyone\template\module\cosyone_recently.tpl on line 34
2017-09-05 2:26:12 - PHP Notice:  Undefined index: thumb_hover in C:\OPENSERVER\OpenServer\domains\fidelliti.loc\catalog\view\theme\cosyone\template\module\cosyone_recently.tpl on line 11
2017-09-05 2:26:12 - PHP Notice:  Undefined index: description in C:\OPENSERVER\OpenServer\domains\fidelliti.loc\catalog\view\theme\cosyone\template\module\cosyone_recently.tpl on line 34
2017-09-05 2:26:12 - PHP Notice:  Undefined index: thumb_hover in C:\OPENSERVER\OpenServer\domains\fidelliti.loc\catalog\view\theme\cosyone\template\module\cosyone_recently.tpl on line 11
2017-09-05 2:26:12 - PHP Notice:  Undefined index: description in C:\OPENSERVER\OpenServer\domains\fidelliti.loc\catalog\view\theme\cosyone\template\module\cosyone_recently.tpl on line 34
2017-09-05 2:28:58 - PHP Notice:  Undefined index: thumb_hover in C:\OPENSERVER\OpenServer\domains\fidelliti.loc\catalog\view\theme\cosyone\template\module\cosyone_recently.tpl on line 11
2017-09-05 2:28:58 - PHP Notice:  Undefined index: description in C:\OPENSERVER\OpenServer\domains\fidelliti.loc\catalog\view\theme\cosyone\template\module\cosyone_recently.tpl on line 34
2017-09-05 2:28:58 - PHP Notice:  Undefined index: thumb_hover in C:\OPENSERVER\OpenServer\domains\fidelliti.loc\catalog\view\theme\cosyone\template\module\cosyone_recently.tpl on line 11
2017-09-05 2:28:58 - PHP Notice:  Undefined index: description in C:\OPENSERVER\OpenServer\domains\fidelliti.loc\catalog\view\theme\cosyone\template\module\cosyone_recently.tpl on line 34
2017-09-05 2:28:58 - PHP Notice:  Undefined index: thumb_hover in C:\OPENSERVER\OpenServer\domains\fidelliti.loc\catalog\view\theme\cosyone\template\module\cosyone_recently.tpl on line 11
2017-09-05 2:28:58 - PHP Notice:  Undefined index: description in C:\OPENSERVER\OpenServer\domains\fidelliti.loc\catalog\view\theme\cosyone\template\module\cosyone_recently.tpl on line 34
2017-09-05 2:32:09 - PHP Notice:  Undefined index: thumb_hover in C:\OPENSERVER\OpenServer\domains\fidelliti.loc\catalog\view\theme\cosyone\template\module\cosyone_recently.tpl on line 11
2017-09-05 2:32:09 - PHP Notice:  Undefined index: description in C:\OPENSERVER\OpenServer\domains\fidelliti.loc\catalog\view\theme\cosyone\template\module\cosyone_recently.tpl on line 34
2017-09-05 2:32:09 - PHP Notice:  Undefined index: thumb_hover in C:\OPENSERVER\OpenServer\domains\fidelliti.loc\catalog\view\theme\cosyone\template\module\cosyone_recently.tpl on line 11
2017-09-05 2:32:09 - PHP Notice:  Undefined index: description in C:\OPENSERVER\OpenServer\domains\fidelliti.loc\catalog\view\theme\cosyone\template\module\cosyone_recently.tpl on line 34
2017-09-05 2:32:09 - PHP Notice:  Undefined index: thumb_hover in C:\OPENSERVER\OpenServer\domains\fidelliti.loc\catalog\view\theme\cosyone\template\module\cosyone_recently.tpl on line 11
2017-09-05 2:32:09 - PHP Notice:  Undefined index: description in C:\OPENSERVER\OpenServer\domains\fidelliti.loc\catalog\view\theme\cosyone\template\module\cosyone_recently.tpl on line 34
2017-09-05 2:32:32 - PHP Notice:  Undefined index: thumb_hover in C:\OPENSERVER\OpenServer\domains\fidelliti.loc\catalog\view\theme\cosyone\template\module\cosyone_recently.tpl on line 11
2017-09-05 2:32:32 - PHP Notice:  Undefined index: description in C:\OPENSERVER\OpenServer\domains\fidelliti.loc\catalog\view\theme\cosyone\template\module\cosyone_recently.tpl on line 34
2017-09-05 2:32:32 - PHP Notice:  Undefined index: thumb_hover in C:\OPENSERVER\OpenServer\domains\fidelliti.loc\catalog\view\theme\cosyone\template\module\cosyone_recently.tpl on line 11
2017-09-05 2:32:32 - PHP Notice:  Undefined index: description in C:\OPENSERVER\OpenServer\domains\fidelliti.loc\catalog\view\theme\cosyone\template\module\cosyone_recently.tpl on line 34
2017-09-05 2:32:32 - PHP Notice:  Undefined index: thumb_hover in C:\OPENSERVER\OpenServer\domains\fidelliti.loc\catalog\view\theme\cosyone\template\module\cosyone_recently.tpl on line 11
2017-09-05 2:32:32 - PHP Notice:  Undefined index: description in C:\OPENSERVER\OpenServer\domains\fidelliti.loc\catalog\view\theme\cosyone\template\module\cosyone_recently.tpl on line 34
2017-09-05 2:32:54 - PHP Notice:  Undefined index: thumb_hover in C:\OPENSERVER\OpenServer\domains\fidelliti.loc\catalog\view\theme\cosyone\template\module\cosyone_recently.tpl on line 11
2017-09-05 2:32:54 - PHP Notice:  Undefined index: description in C:\OPENSERVER\OpenServer\domains\fidelliti.loc\catalog\view\theme\cosyone\template\module\cosyone_recently.tpl on line 34
2017-09-05 2:32:54 - PHP Notice:  Undefined index: thumb_hover in C:\OPENSERVER\OpenServer\domains\fidelliti.loc\catalog\view\theme\cosyone\template\module\cosyone_recently.tpl on line 11
2017-09-05 2:32:54 - PHP Notice:  Undefined index: description in C:\OPENSERVER\OpenServer\domains\fidelliti.loc\catalog\view\theme\cosyone\template\module\cosyone_recently.tpl on line 34
2017-09-05 2:32:54 - PHP Notice:  Undefined index: thumb_hover in C:\OPENSERVER\OpenServer\domains\fidelliti.loc\catalog\view\theme\cosyone\template\module\cosyone_recently.tpl on line 11
2017-09-05 2:32:54 - PHP Notice:  Undefined index: description in C:\OPENSERVER\OpenServer\domains\fidelliti.loc\catalog\view\theme\cosyone\template\module\cosyone_recently.tpl on line 34
2017-09-05 2:33:16 - PHP Notice:  Undefined index: thumb_hover in C:\OPENSERVER\OpenServer\domains\fidelliti.loc\catalog\view\theme\cosyone\template\module\cosyone_recently.tpl on line 11
2017-09-05 2:33:16 - PHP Notice:  Undefined index: description in C:\OPENSERVER\OpenServer\domains\fidelliti.loc\catalog\view\theme\cosyone\template\module\cosyone_recently.tpl on line 34
2017-09-05 2:33:16 - PHP Notice:  Undefined index: thumb_hover in C:\OPENSERVER\OpenServer\domains\fidelliti.loc\catalog\view\theme\cosyone\template\module\cosyone_recently.tpl on line 11
2017-09-05 2:33:16 - PHP Notice:  Undefined index: description in C:\OPENSERVER\OpenServer\domains\fidelliti.loc\catalog\view\theme\cosyone\template\module\cosyone_recently.tpl on line 34
2017-09-05 2:33:16 - PHP Notice:  Undefined index: thumb_hover in C:\OPENSERVER\OpenServer\domains\fidelliti.loc\catalog\view\theme\cosyone\template\module\cosyone_recently.tpl on line 11
2017-09-05 2:33:16 - PHP Notice:  Undefined index: description in C:\OPENSERVER\OpenServer\domains\fidelliti.loc\catalog\view\theme\cosyone\template\module\cosyone_recently.tpl on line 34
2017-09-05 2:37:34 - PHP Notice:  Undefined index: thumb_hover in C:\OPENSERVER\OpenServer\domains\fidelliti.loc\catalog\view\theme\cosyone\template\module\cosyone_recently.tpl on line 11
2017-09-05 2:37:34 - PHP Notice:  Undefined index: description in C:\OPENSERVER\OpenServer\domains\fidelliti.loc\catalog\view\theme\cosyone\template\module\cosyone_recently.tpl on line 34
2017-09-05 2:37:34 - PHP Notice:  Undefined index: thumb_hover in C:\OPENSERVER\OpenServer\domains\fidelliti.loc\catalog\view\theme\cosyone\template\module\cosyone_recently.tpl on line 11
2017-09-05 2:37:34 - PHP Notice:  Undefined index: description in C:\OPENSERVER\OpenServer\domains\fidelliti.loc\catalog\view\theme\cosyone\template\module\cosyone_recently.tpl on line 34
2017-09-05 2:37:34 - PHP Notice:  Undefined index: thumb_hover in C:\OPENSERVER\OpenServer\domains\fidelliti.loc\catalog\view\theme\cosyone\template\module\cosyone_recently.tpl on line 11
2017-09-05 2:37:34 - PHP Notice:  Undefined index: description in C:\OPENSERVER\OpenServer\domains\fidelliti.loc\catalog\view\theme\cosyone\template\module\cosyone_recently.tpl on line 34
2017-09-05 2:39:25 - PHP Notice:  Undefined index: thumb_hover in C:\OPENSERVER\OpenServer\domains\fidelliti.loc\catalog\view\theme\cosyone\template\module\cosyone_recently.tpl on line 11
2017-09-05 2:39:25 - PHP Notice:  Undefined index: description in C:\OPENSERVER\OpenServer\domains\fidelliti.loc\catalog\view\theme\cosyone\template\module\cosyone_recently.tpl on line 34
2017-09-05 2:39:25 - PHP Notice:  Undefined index: thumb_hover in C:\OPENSERVER\OpenServer\domains\fidelliti.loc\catalog\view\theme\cosyone\template\module\cosyone_recently.tpl on line 11
2017-09-05 2:39:25 - PHP Notice:  Undefined index: description in C:\OPENSERVER\OpenServer\domains\fidelliti.loc\catalog\view\theme\cosyone\template\module\cosyone_recently.tpl on line 34
2017-09-05 2:39:25 - PHP Notice:  Undefined index: thumb_hover in C:\OPENSERVER\OpenServer\domains\fidelliti.loc\catalog\view\theme\cosyone\template\module\cosyone_recently.tpl on line 11
2017-09-05 2:39:25 - PHP Notice:  Undefined index: description in C:\OPENSERVER\OpenServer\domains\fidelliti.loc\catalog\view\theme\cosyone\template\module\cosyone_recently.tpl on line 34
2017-09-05 2:40:09 - PHP Notice:  Undefined index: thumb_hover in C:\OPENSERVER\OpenServer\domains\fidelliti.loc\catalog\view\theme\cosyone\template\module\cosyone_recently.tpl on line 11
2017-09-05 2:40:09 - PHP Notice:  Undefined index: description in C:\OPENSERVER\OpenServer\domains\fidelliti.loc\catalog\view\theme\cosyone\template\module\cosyone_recently.tpl on line 34
2017-09-05 2:40:09 - PHP Notice:  Undefined index: thumb_hover in C:\OPENSERVER\OpenServer\domains\fidelliti.loc\catalog\view\theme\cosyone\template\module\cosyone_recently.tpl on line 11
2017-09-05 2:40:09 - PHP Notice:  Undefined index: description in C:\OPENSERVER\OpenServer\domains\fidelliti.loc\catalog\view\theme\cosyone\template\module\cosyone_recently.tpl on line 34
2017-09-05 2:40:09 - PHP Notice:  Undefined index: thumb_hover in C:\OPENSERVER\OpenServer\domains\fidelliti.loc\catalog\view\theme\cosyone\template\module\cosyone_recently.tpl on line 11
2017-09-05 2:40:09 - PHP Notice:  Undefined index: description in C:\OPENSERVER\OpenServer\domains\fidelliti.loc\catalog\view\theme\cosyone\template\module\cosyone_recently.tpl on line 34
2017-09-05 2:40:31 - PHP Notice:  Undefined index: thumb_hover in C:\OPENSERVER\OpenServer\domains\fidelliti.loc\catalog\view\theme\cosyone\template\module\cosyone_recently.tpl on line 11
2017-09-05 2:40:31 - PHP Notice:  Undefined index: description in C:\OPENSERVER\OpenServer\domains\fidelliti.loc\catalog\view\theme\cosyone\template\module\cosyone_recently.tpl on line 34
2017-09-05 2:40:31 - PHP Notice:  Undefined index: thumb_hover in C:\OPENSERVER\OpenServer\domains\fidelliti.loc\catalog\view\theme\cosyone\template\module\cosyone_recently.tpl on line 11
2017-09-05 2:40:31 - PHP Notice:  Undefined index: description in C:\OPENSERVER\OpenServer\domains\fidelliti.loc\catalog\view\theme\cosyone\template\module\cosyone_recently.tpl on line 34
2017-09-05 2:40:31 - PHP Notice:  Undefined index: thumb_hover in C:\OPENSERVER\OpenServer\domains\fidelliti.loc\catalog\view\theme\cosyone\template\module\cosyone_recently.tpl on line 11
2017-09-05 2:40:31 - PHP Notice:  Undefined index: description in C:\OPENSERVER\OpenServer\domains\fidelliti.loc\catalog\view\theme\cosyone\template\module\cosyone_recently.tpl on line 34
2017-09-05 2:41:36 - PHP Notice:  Undefined index: thumb_hover in C:\OPENSERVER\OpenServer\domains\fidelliti.loc\catalog\view\theme\cosyone\template\module\cosyone_recently.tpl on line 11
2017-09-05 2:41:36 - PHP Notice:  Undefined index: description in C:\OPENSERVER\OpenServer\domains\fidelliti.loc\catalog\view\theme\cosyone\template\module\cosyone_recently.tpl on line 34
2017-09-05 2:41:36 - PHP Notice:  Undefined index: thumb_hover in C:\OPENSERVER\OpenServer\domains\fidelliti.loc\catalog\view\theme\cosyone\template\module\cosyone_recently.tpl on line 11
2017-09-05 2:41:36 - PHP Notice:  Undefined index: description in C:\OPENSERVER\OpenServer\domains\fidelliti.loc\catalog\view\theme\cosyone\template\module\cosyone_recently.tpl on line 34
2017-09-05 2:41:36 - PHP Notice:  Undefined index: thumb_hover in C:\OPENSERVER\OpenServer\domains\fidelliti.loc\catalog\view\theme\cosyone\template\module\cosyone_recently.tpl on line 11
2017-09-05 2:41:36 - PHP Notice:  Undefined index: description in C:\OPENSERVER\OpenServer\domains\fidelliti.loc\catalog\view\theme\cosyone\template\module\cosyone_recently.tpl on line 34
2017-09-05 2:41:39 - PHP Notice:  Undefined index: thumb_hover in C:\OPENSERVER\OpenServer\domains\fidelliti.loc\catalog\view\theme\cosyone\template\module\cosyone_recently.tpl on line 11
2017-09-05 2:41:39 - PHP Notice:  Undefined index: description in C:\OPENSERVER\OpenServer\domains\fidelliti.loc\catalog\view\theme\cosyone\template\module\cosyone_recently.tpl on line 34
2017-09-05 2:41:39 - PHP Notice:  Undefined index: thumb_hover in C:\OPENSERVER\OpenServer\domains\fidelliti.loc\catalog\view\theme\cosyone\template\module\cosyone_recently.tpl on line 11
2017-09-05 2:41:39 - PHP Notice:  Undefined index: description in C:\OPENSERVER\OpenServer\domains\fidelliti.loc\catalog\view\theme\cosyone\template\module\cosyone_recently.tpl on line 34
2017-09-05 2:41:39 - PHP Notice:  Undefined index: thumb_hover in C:\OPENSERVER\OpenServer\domains\fidelliti.loc\catalog\view\theme\cosyone\template\module\cosyone_recently.tpl on line 11
2017-09-05 2:41:39 - PHP Notice:  Undefined index: description in C:\OPENSERVER\OpenServer\domains\fidelliti.loc\catalog\view\theme\cosyone\template\module\cosyone_recently.tpl on line 34
2017-09-05 2:42:04 - PHP Notice:  Undefined index: thumb_hover in C:\OPENSERVER\OpenServer\domains\fidelliti.loc\catalog\view\theme\cosyone\template\module\cosyone_recently.tpl on line 11
2017-09-05 2:42:04 - PHP Notice:  Undefined index: description in C:\OPENSERVER\OpenServer\domains\fidelliti.loc\catalog\view\theme\cosyone\template\module\cosyone_recently.tpl on line 34
2017-09-05 2:42:04 - PHP Notice:  Undefined index: thumb_hover in C:\OPENSERVER\OpenServer\domains\fidelliti.loc\catalog\view\theme\cosyone\template\module\cosyone_recently.tpl on line 11
2017-09-05 2:42:04 - PHP Notice:  Undefined index: description in C:\OPENSERVER\OpenServer\domains\fidelliti.loc\catalog\view\theme\cosyone\template\module\cosyone_recently.tpl on line 34
2017-09-05 2:42:04 - PHP Notice:  Undefined index: thumb_hover in C:\OPENSERVER\OpenServer\domains\fidelliti.loc\catalog\view\theme\cosyone\template\module\cosyone_recently.tpl on line 11
2017-09-05 2:42:04 - PHP Notice:  Undefined index: description in C:\OPENSERVER\OpenServer\domains\fidelliti.loc\catalog\view\theme\cosyone\template\module\cosyone_recently.tpl on line 34
2017-09-05 2:42:57 - PHP Notice:  Undefined index: thumb_hover in C:\OPENSERVER\OpenServer\domains\fidelliti.loc\catalog\view\theme\cosyone\template\module\cosyone_recently.tpl on line 11
2017-09-05 2:42:57 - PHP Notice:  Undefined index: description in C:\OPENSERVER\OpenServer\domains\fidelliti.loc\catalog\view\theme\cosyone\template\module\cosyone_recently.tpl on line 34
2017-09-05 2:42:57 - PHP Notice:  Undefined index: thumb_hover in C:\OPENSERVER\OpenServer\domains\fidelliti.loc\catalog\view\theme\cosyone\template\module\cosyone_recently.tpl on line 11
2017-09-05 2:42:57 - PHP Notice:  Undefined index: description in C:\OPENSERVER\OpenServer\domains\fidelliti.loc\catalog\view\theme\cosyone\template\module\cosyone_recently.tpl on line 34
2017-09-05 2:42:57 - PHP Notice:  Undefined index: thumb_hover in C:\OPENSERVER\OpenServer\domains\fidelliti.loc\catalog\view\theme\cosyone\template\module\cosyone_recently.tpl on line 11
2017-09-05 2:42:57 - PHP Notice:  Undefined index: description in C:\OPENSERVER\OpenServer\domains\fidelliti.loc\catalog\view\theme\cosyone\template\module\cosyone_recently.tpl on line 34
2017-09-05 2:46:38 - PHP Notice:  Undefined index: thumb_hover in C:\OPENSERVER\OpenServer\domains\fidelliti.loc\catalog\view\theme\cosyone\template\module\cosyone_recently.tpl on line 11
2017-09-05 2:46:38 - PHP Notice:  Undefined index: description in C:\OPENSERVER\OpenServer\domains\fidelliti.loc\catalog\view\theme\cosyone\template\module\cosyone_recently.tpl on line 34
2017-09-05 2:46:38 - PHP Notice:  Undefined index: thumb_hover in C:\OPENSERVER\OpenServer\domains\fidelliti.loc\catalog\view\theme\cosyone\template\module\cosyone_recently.tpl on line 11
2017-09-05 2:46:38 - PHP Notice:  Undefined index: description in C:\OPENSERVER\OpenServer\domains\fidelliti.loc\catalog\view\theme\cosyone\template\module\cosyone_recently.tpl on line 34
2017-09-05 2:46:38 - PHP Notice:  Undefined index: thumb_hover in C:\OPENSERVER\OpenServer\domains\fidelliti.loc\catalog\view\theme\cosyone\template\module\cosyone_recently.tpl on line 11
2017-09-05 2:46:38 - PHP Notice:  Undefined index: description in C:\OPENSERVER\OpenServer\domains\fidelliti.loc\catalog\view\theme\cosyone\template\module\cosyone_recently.tpl on line 34
2017-09-05 2:47:24 - PHP Notice:  Undefined index: thumb_hover in C:\OPENSERVER\OpenServer\domains\fidelliti.loc\catalog\view\theme\cosyone\template\module\cosyone_recently.tpl on line 11
2017-09-05 2:47:24 - PHP Notice:  Undefined index: description in C:\OPENSERVER\OpenServer\domains\fidelliti.loc\catalog\view\theme\cosyone\template\module\cosyone_recently.tpl on line 34
2017-09-05 2:47:24 - PHP Notice:  Undefined index: thumb_hover in C:\OPENSERVER\OpenServer\domains\fidelliti.loc\catalog\view\theme\cosyone\template\module\cosyone_recently.tpl on line 11
2017-09-05 2:47:24 - PHP Notice:  Undefined index: description in C:\OPENSERVER\OpenServer\domains\fidelliti.loc\catalog\view\theme\cosyone\template\module\cosyone_recently.tpl on line 34
2017-09-05 2:47:24 - PHP Notice:  Undefined index: thumb_hover in C:\OPENSERVER\OpenServer\domains\fidelliti.loc\catalog\view\theme\cosyone\template\module\cosyone_recently.tpl on line 11
2017-09-05 2:47:24 - PHP Notice:  Undefined index: description in C:\OPENSERVER\OpenServer\domains\fidelliti.loc\catalog\view\theme\cosyone\template\module\cosyone_recently.tpl on line 34
2017-09-05 2:47:33 - PHP Notice:  Undefined index: thumb_hover in C:\OPENSERVER\OpenServer\domains\fidelliti.loc\catalog\view\theme\cosyone\template\module\cosyone_recently.tpl on line 11
2017-09-05 2:47:33 - PHP Notice:  Undefined index: description in C:\OPENSERVER\OpenServer\domains\fidelliti.loc\catalog\view\theme\cosyone\template\module\cosyone_recently.tpl on line 34
2017-09-05 2:47:33 - PHP Notice:  Undefined index: thumb_hover in C:\OPENSERVER\OpenServer\domains\fidelliti.loc\catalog\view\theme\cosyone\template\module\cosyone_recently.tpl on line 11
2017-09-05 2:47:33 - PHP Notice:  Undefined index: description in C:\OPENSERVER\OpenServer\domains\fidelliti.loc\catalog\view\theme\cosyone\template\module\cosyone_recently.tpl on line 34
2017-09-05 2:47:33 - PHP Notice:  Undefined index: thumb_hover in C:\OPENSERVER\OpenServer\domains\fidelliti.loc\catalog\view\theme\cosyone\template\module\cosyone_recently.tpl on line 11
2017-09-05 2:47:33 - PHP Notice:  Undefined index: description in C:\OPENSERVER\OpenServer\domains\fidelliti.loc\catalog\view\theme\cosyone\template\module\cosyone_recently.tpl on line 34
2017-09-05 2:48:11 - PHP Notice:  Undefined index: thumb_hover in C:\OPENSERVER\OpenServer\domains\fidelliti.loc\catalog\view\theme\cosyone\template\module\cosyone_recently.tpl on line 11
2017-09-05 2:48:11 - PHP Notice:  Undefined index: description in C:\OPENSERVER\OpenServer\domains\fidelliti.loc\catalog\view\theme\cosyone\template\module\cosyone_recently.tpl on line 34
2017-09-05 2:48:11 - PHP Notice:  Undefined index: thumb_hover in C:\OPENSERVER\OpenServer\domains\fidelliti.loc\catalog\view\theme\cosyone\template\module\cosyone_recently.tpl on line 11
2017-09-05 2:48:11 - PHP Notice:  Undefined index: description in C:\OPENSERVER\OpenServer\domains\fidelliti.loc\catalog\view\theme\cosyone\template\module\cosyone_recently.tpl on line 34
2017-09-05 2:48:11 - PHP Notice:  Undefined index: thumb_hover in C:\OPENSERVER\OpenServer\domains\fidelliti.loc\catalog\view\theme\cosyone\template\module\cosyone_recently.tpl on line 11
2017-09-05 2:48:11 - PHP Notice:  Undefined index: description in C:\OPENSERVER\OpenServer\domains\fidelliti.loc\catalog\view\theme\cosyone\template\module\cosyone_recently.tpl on line 34
2017-09-05 2:49:37 - PHP Notice:  Undefined index: thumb_hover in C:\OPENSERVER\OpenServer\domains\fidelliti.loc\catalog\view\theme\cosyone\template\module\cosyone_recently.tpl on line 11
2017-09-05 2:49:37 - PHP Notice:  Undefined index: description in C:\OPENSERVER\OpenServer\domains\fidelliti.loc\catalog\view\theme\cosyone\template\module\cosyone_recently.tpl on line 34
2017-09-05 2:49:37 - PHP Notice:  Undefined index: thumb_hover in C:\OPENSERVER\OpenServer\domains\fidelliti.loc\catalog\view\theme\cosyone\template\module\cosyone_recently.tpl on line 11
2017-09-05 2:49:37 - PHP Notice:  Undefined index: description in C:\OPENSERVER\OpenServer\domains\fidelliti.loc\catalog\view\theme\cosyone\template\module\cosyone_recently.tpl on line 34
2017-09-05 2:49:37 - PHP Notice:  Undefined index: thumb_hover in C:\OPENSERVER\OpenServer\domains\fidelliti.loc\catalog\view\theme\cosyone\template\module\cosyone_recently.tpl on line 11
2017-09-05 2:49:37 - PHP Notice:  Undefined index: description in C:\OPENSERVER\OpenServer\domains\fidelliti.loc\catalog\view\theme\cosyone\template\module\cosyone_recently.tpl on line 34
2017-09-05 2:50:01 - PHP Notice:  Undefined index: thumb_hover in C:\OPENSERVER\OpenServer\domains\fidelliti.loc\catalog\view\theme\cosyone\template\module\cosyone_recently.tpl on line 11
2017-09-05 2:50:01 - PHP Notice:  Undefined index: description in C:\OPENSERVER\OpenServer\domains\fidelliti.loc\catalog\view\theme\cosyone\template\module\cosyone_recently.tpl on line 34
2017-09-05 2:50:01 - PHP Notice:  Undefined index: thumb_hover in C:\OPENSERVER\OpenServer\domains\fidelliti.loc\catalog\view\theme\cosyone\template\module\cosyone_recently.tpl on line 11
2017-09-05 2:50:01 - PHP Notice:  Undefined index: description in C:\OPENSERVER\OpenServer\domains\fidelliti.loc\catalog\view\theme\cosyone\template\module\cosyone_recently.tpl on line 34
2017-09-05 2:50:01 - PHP Notice:  Undefined index: thumb_hover in C:\OPENSERVER\OpenServer\domains\fidelliti.loc\catalog\view\theme\cosyone\template\module\cosyone_recently.tpl on line 11
2017-09-05 2:50:01 - PHP Notice:  Undefined index: description in C:\OPENSERVER\OpenServer\domains\fidelliti.loc\catalog\view\theme\cosyone\template\module\cosyone_recently.tpl on line 34
2017-09-05 2:53:16 - PHP Notice:  Undefined index: thumb_hover in C:\OPENSERVER\OpenServer\domains\fidelliti.loc\catalog\view\theme\cosyone\template\module\cosyone_recently.tpl on line 11
2017-09-05 2:53:16 - PHP Notice:  Undefined index: description in C:\OPENSERVER\OpenServer\domains\fidelliti.loc\catalog\view\theme\cosyone\template\module\cosyone_recently.tpl on line 34
2017-09-05 2:53:16 - PHP Notice:  Undefined index: thumb_hover in C:\OPENSERVER\OpenServer\domains\fidelliti.loc\catalog\view\theme\cosyone\template\module\cosyone_recently.tpl on line 11
2017-09-05 2:53:16 - PHP Notice:  Undefined index: description in C:\OPENSERVER\OpenServer\domains\fidelliti.loc\catalog\view\theme\cosyone\template\module\cosyone_recently.tpl on line 34
2017-09-05 2:53:16 - PHP Notice:  Undefined index: thumb_hover in C:\OPENSERVER\OpenServer\domains\fidelliti.loc\catalog\view\theme\cosyone\template\module\cosyone_recently.tpl on line 11
2017-09-05 2:53:16 - PHP Notice:  Undefined index: description in C:\OPENSERVER\OpenServer\domains\fidelliti.loc\catalog\view\theme\cosyone\template\module\cosyone_recently.tpl on line 34
2017-09-05 2:55:21 - PHP Notice:  Undefined index: thumb_hover in C:\OPENSERVER\OpenServer\domains\fidelliti.loc\catalog\view\theme\cosyone\template\module\cosyone_recently.tpl on line 11
2017-09-05 2:55:21 - PHP Notice:  Undefined index: description in C:\OPENSERVER\OpenServer\domains\fidelliti.loc\catalog\view\theme\cosyone\template\module\cosyone_recently.tpl on line 34
2017-09-05 2:55:21 - PHP Notice:  Undefined index: thumb_hover in C:\OPENSERVER\OpenServer\domains\fidelliti.loc\catalog\view\theme\cosyone\template\module\cosyone_recently.tpl on line 11
2017-09-05 2:55:21 - PHP Notice:  Undefined index: description in C:\OPENSERVER\OpenServer\domains\fidelliti.loc\catalog\view\theme\cosyone\template\module\cosyone_recently.tpl on line 34
2017-09-05 2:55:21 - PHP Notice:  Undefined index: thumb_hover in C:\OPENSERVER\OpenServer\domains\fidelliti.loc\catalog\view\theme\cosyone\template\module\cosyone_recently.tpl on line 11
2017-09-05 2:55:21 - PHP Notice:  Undefined index: description in C:\OPENSERVER\OpenServer\domains\fidelliti.loc\catalog\view\theme\cosyone\template\module\cosyone_recently.tpl on line 34
2017-09-05 12:57:33 - PHP Notice:  Undefined index: thumb_hover in C:\OpenServer\domains\new.fidelitti.loc\catalog\view\theme\cosyone\template\module\cosyone_recently.tpl on line 11
2017-09-05 12:57:33 - PHP Notice:  Undefined index: description in C:\OpenServer\domains\new.fidelitti.loc\catalog\view\theme\cosyone\template\module\cosyone_recently.tpl on line 34
2017-09-05 12:57:33 - PHP Notice:  Undefined index: thumb_hover in C:\OpenServer\domains\new.fidelitti.loc\catalog\view\theme\cosyone\template\module\cosyone_recently.tpl on line 11
2017-09-05 12:57:33 - PHP Notice:  Undefined index: description in C:\OpenServer\domains\new.fidelitti.loc\catalog\view\theme\cosyone\template\module\cosyone_recently.tpl on line 34
2017-09-05 12:57:33 - PHP Notice:  Undefined index: thumb_hover in C:\OpenServer\domains\new.fidelitti.loc\catalog\view\theme\cosyone\template\module\cosyone_recently.tpl on line 11
2017-09-05 12:57:33 - PHP Notice:  Undefined index: description in C:\OpenServer\domains\new.fidelitti.loc\catalog\view\theme\cosyone\template\module\cosyone_recently.tpl on line 34
2017-09-05 15:14:04 - PHP Notice:  Undefined variable: product_total in C:\OpenServer\domains\new.fidelitti.loc\catalog\view\theme\cosyone\template\module\adv_ajaxfilter.tpl on line 109
2017-09-05 15:14:04 - PHP Warning:  Division by zero in C:\OpenServer\domains\new.fidelitti.loc\catalog\controller\module\adv_ajaxfilter.php on line 397
2017-09-05 15:14:08 - PHP Warning:  Division by zero in C:\OpenServer\domains\new.fidelitti.loc\catalog\controller\module\adv_ajaxfilter.php on line 397
2017-09-05 15:14:28 - PHP Warning:  Division by zero in C:\OpenServer\domains\new.fidelitti.loc\catalog\controller\module\adv_ajaxfilter.php on line 397
2017-09-05 15:14:29 - PHP Warning:  Division by zero in C:\OpenServer\domains\new.fidelitti.loc\catalog\controller\module\adv_ajaxfilter.php on line 397
2017-09-05 15:14:29 - PHP Warning:  Division by zero in C:\OpenServer\domains\new.fidelitti.loc\catalog\controller\module\adv_ajaxfilter.php on line 397
2017-09-05 15:14:29 - PHP Warning:  Division by zero in C:\OpenServer\domains\new.fidelitti.loc\catalog\controller\module\adv_ajaxfilter.php on line 397
2017-09-05 15:14:30 - PHP Warning:  Division by zero in C:\OpenServer\domains\new.fidelitti.loc\catalog\controller\module\adv_ajaxfilter.php on line 397
2017-09-05 15:14:30 - PHP Warning:  Division by zero in C:\OpenServer\domains\new.fidelitti.loc\catalog\controller\module\adv_ajaxfilter.php on line 397
2017-09-05 15:14:30 - PHP Warning:  Division by zero in C:\OpenServer\domains\new.fidelitti.loc\catalog\controller\module\adv_ajaxfilter.php on line 397
2017-09-05 15:14:31 - PHP Warning:  Division by zero in C:\OpenServer\domains\new.fidelitti.loc\catalog\controller\module\adv_ajaxfilter.php on line 397
2017-09-05 15:14:31 - PHP Warning:  Division by zero in C:\OpenServer\domains\new.fidelitti.loc\catalog\controller\module\adv_ajaxfilter.php on line 397
2017-09-05 15:14:32 - PHP Warning:  Division by zero in C:\OpenServer\domains\new.fidelitti.loc\catalog\controller\module\adv_ajaxfilter.php on line 397
2017-09-05 15:14:33 - PHP Warning:  Division by zero in C:\OpenServer\domains\new.fidelitti.loc\catalog\controller\module\adv_ajaxfilter.php on line 397
2017-09-05 15:14:35 - PHP Warning:  Division by zero in C:\OpenServer\domains\new.fidelitti.loc\catalog\controller\module\adv_ajaxfilter.php on line 397
2017-09-05 15:17:30 - PHP Warning:  Division by zero in C:\OpenServer\domains\new.fidelitti.loc\catalog\controller\module\adv_ajaxfilter.php on line 397
2017-09-05 15:17:45 - PHP Warning:  Division by zero in C:\OpenServer\domains\new.fidelitti.loc\catalog\controller\module\adv_ajaxfilter.php on line 397
2017-09-05 17:18:52 - PHP Notice:  Undefined index: thumb_hover in C:\OpenServer\domains\new.fidelitti.loc\catalog\view\theme\cosyone\template\module\cosyone_recently.tpl on line 11
2017-09-05 17:18:52 - PHP Notice:  Undefined index: description in C:\OpenServer\domains\new.fidelitti.loc\catalog\view\theme\cosyone\template\module\cosyone_recently.tpl on line 34
2017-09-05 17:18:52 - PHP Notice:  Undefined index: thumb_hover in C:\OpenServer\domains\new.fidelitti.loc\catalog\view\theme\cosyone\template\module\cosyone_recently.tpl on line 11
2017-09-05 17:18:52 - PHP Notice:  Undefined index: description in C:\OpenServer\domains\new.fidelitti.loc\catalog\view\theme\cosyone\template\module\cosyone_recently.tpl on line 34
2017-09-05 17:18:52 - PHP Notice:  Undefined index: thumb_hover in C:\OpenServer\domains\new.fidelitti.loc\catalog\view\theme\cosyone\template\module\cosyone_recently.tpl on line 11
2017-09-05 17:18:52 - PHP Notice:  Undefined index: description in C:\OpenServer\domains\new.fidelitti.loc\catalog\view\theme\cosyone\template\module\cosyone_recently.tpl on line 34
2017-09-05 17:26:00 - PHP Notice:  Undefined index: thumb_hover in C:\OpenServer\domains\new.fidelitti.loc\catalog\view\theme\cosyone\template\module\cosyone_recently.tpl on line 11
2017-09-05 17:26:00 - PHP Notice:  Undefined index: description in C:\OpenServer\domains\new.fidelitti.loc\catalog\view\theme\cosyone\template\module\cosyone_recently.tpl on line 34
2017-09-05 17:26:00 - PHP Notice:  Undefined index: thumb_hover in C:\OpenServer\domains\new.fidelitti.loc\catalog\view\theme\cosyone\template\module\cosyone_recently.tpl on line 11
2017-09-05 17:26:00 - PHP Notice:  Undefined index: description in C:\OpenServer\domains\new.fidelitti.loc\catalog\view\theme\cosyone\template\module\cosyone_recently.tpl on line 34
2017-09-05 17:26:00 - PHP Notice:  Undefined index: thumb_hover in C:\OpenServer\domains\new.fidelitti.loc\catalog\view\theme\cosyone\template\module\cosyone_recently.tpl on line 11
2017-09-05 17:26:00 - PHP Notice:  Undefined index: description in C:\OpenServer\domains\new.fidelitti.loc\catalog\view\theme\cosyone\template\module\cosyone_recently.tpl on line 34
